<?xml version="1.0" encoding="UTF-8"?>
<!-- Generated by org.testng.reporters.JUnitReportReporter -->
<testsuite skipped="0" hostname="User-PC" name="framesAssignment.NewTest" tests="1" failures="0" timestamp="24 Mar 2018 16:25:03 GMT" time="29.461" errors="0">
  <testcase name="testFrame" time="29.461" classname="framesAssignment.NewTest"/>
</testsuite> <!-- framesAssignment.NewTest -->
