<?xml version="1.0" encoding="UTF-8"?>
<!-- Generated by org.testng.reporters.JUnitReportReporter -->
<testsuite skipped="0" hostname="User-PC" name="screenshotSample.SampleScreenShot" tests="1" failures="0" timestamp="01 Apr 2018 16:52:43 GMT" time="0.148" errors="0">
  <testcase name="takeScreenShot" time="0.148" classname="screenshotSample.SampleScreenShot"/>
</testsuite> <!-- screenshotSample.SampleScreenShot -->
