<?xml version="1.0" encoding="UTF-8"?>
<!-- Generated by org.testng.reporters.JUnitReportReporter -->
<testsuite skipped="0" hostname="User-PC" name="screenshotSample.NewTest" tests="1" failures="0" timestamp="25 Mar 2018 07:39:04 GMT" time="0.380" errors="0">
  <testcase name="takeScreenShot" time="0.380" classname="screenshotSample.NewTest"/>
</testsuite> <!-- screenshotSample.NewTest -->
