<?xml version="1.0" encoding="UTF-8"?>
<!-- Generated by org.testng.reporters.JUnitReportReporter -->
<testsuite skipped="0" hostname="User-PC" name="actionsAssignment.DoubleClickAction" tests="1" failures="0" timestamp="14 Mar 2019 16:41:26 GMT" time="28.791" errors="0">
  <testcase name="testDoubleClick" time="28.791" classname="actionsAssignment.DoubleClickAction"/>
</testsuite> <!-- actionsAssignment.DoubleClickAction -->
