<?xml version="1.0" encoding="UTF-8"?>
<!-- Generated by org.testng.reporters.JUnitReportReporter -->
<testsuite skipped="0" hostname="User-PC" name="actionsAssignment.DoubleClickAction" tests="1" failures="0" timestamp="13 May 2020 08:31:33 GMT" time="21.066" errors="0">
  <testcase name="testDoubleClick" time="21.066" classname="actionsAssignment.DoubleClickAction"/>
</testsuite> <!-- actionsAssignment.DoubleClickAction -->
