<?xml version="1.0" encoding="UTF-8"?>
<!-- Generated by org.testng.reporters.JUnitReportReporter -->
<testsuite skipped="0" hostname="User-PC" name="framesAssignment.ToolsqaFrames" tests="1" failures="0" timestamp="21 Mar 2019 07:02:20 GMT" time="26.148" errors="0">
  <testcase name="testFrame" time="26.148" classname="framesAssignment.ToolsqaFrames"/>
</testsuite> <!-- framesAssignment.ToolsqaFrames -->
